ALUrs(0): inst  state   rt        ra        rb        pc      pcnext
addr    :       INVA    0 (rob)   0 (rob)   0 (rob)
value   :               0         0         0         0       0       
validity:                         OK        OK

ALUrs(1): inst  state   rt        ra        rb        pc      pcnext
addr    :       INVA    0 (rob)   0 (rob)   0 (rob)
value   :               0         0         0         0       0       
validity:                         OK        OK

ALUrs(2): inst  state   rt        ra        rb        pc      pcnext
addr    :       INVA    0 (rob)   0 (rob)   0 (rob)
value   :               0         0         0         0       0       
validity:                         OK        OK

ALUrs(3): inst  state   rt        ra        rb        pc      pcnext
addr    :       INVA    0 (rob)   0 (rob)   0 (rob)
value   :               0         0         0         0       0       
validity:                         OK        OK


cdb: data        tag          pc_next
cdb: 0           0 (rob)      0           NG


reg  0: 0         reg  8: 0         reg 16: 0         reg 24: 0         
reg  1: 0         reg  9: 0         reg 17: 0         reg 25: 0         
reg  2: 0         reg 10: 0         reg 18: 0         reg 26: 0         
reg  3: 0         reg 11: 0         reg 19: 0         reg 27: 0         
reg  4: 0         reg 12: 0         reg 20: 0         reg 28: 0         
reg  5: 0         reg 13: 0         reg 21: 0         reg 29: 0         
reg  6: 0         reg 14: 0         reg 22: 0         reg 30: 0         
reg  7: 0         reg 15: 0         reg 23: 0         reg 31: 0         

------------------1 times clk rising----------------------

rob full

rob     :youngest:  0  
oldest  :  0  

rob  reg  state  pcnext   data    rob  reg  state  pcnext   data
0    0    INVA   0        0       8    0    INVA   0        0      
1    0    INVA   0        0       9    0    INVA   0        0      
2    0    INVA   0        0       10   0    INVA   0        0      
3    0    INVA   0        0       11   0    INVA   0        0      
4    0    INVA   0        0       12   0    INVA   0        0      
5    0    INVA   0        0       13   0    INVA   0        0      
6    0    INVA   0        0       14   0    INVA   0        0      
7    0    INVA   0        0       15   0    INVA   0        0      
stall
ALUrs(0): inst  state   rt        ra        rb        pc      pcnext
addr    :       INVA    0 (rob)   0 (rob)   0 (rob)
value   :               0         0         0         0       0       
validity:                         OK        OK

ALUrs(1): inst  state   rt        ra        rb        pc      pcnext
addr    :       INVA    0 (rob)   0 (rob)   0 (rob)
value   :               0         0         0         0       0       
validity:                         OK        OK

ALUrs(2): inst  state   rt        ra        rb        pc      pcnext
addr    :       INVA    0 (rob)   0 (rob)   0 (rob)
value   :               0         0         0         0       0       
validity:                         OK        OK

ALUrs(3): inst  state   rt        ra        rb        pc      pcnext
addr    :       INVA    0 (rob)   0 (rob)   0 (rob)
value   :               0         0         0         0       0       
validity:                         OK        OK


cdb: data        tag          pc_next
cdb: 0           0 (rob)      0           NG


reg  0: 0         reg  8: 0         reg 16: 0         reg 24: 0         
reg  1: 0         reg  9: 0         reg 17: 0         reg 25: 0         
reg  2: 0         reg 10: 0         reg 18: 0         reg 26: 0         
reg  3: 0         reg 11: 0         reg 19: 0         reg 27: 0         
reg  4: 0         reg 12: 0         reg 20: 0         reg 28: 0         
reg  5: 0         reg 13: 0         reg 21: 0         reg 29: 0         
reg  6: 0         reg 14: 0         reg 22: 0         reg 30: 0         
reg  7: 0         reg 15: 0         reg 23: 0         reg 31: 0         

------------------2 times clk rising----------------------

rob full

rob     :youngest:  0  
oldest  :  0  

rob  reg  state  pcnext   data    rob  reg  state  pcnext   data
0    0    INVA   0        0       8    0    INVA   0        0      
1    0    INVA   0        0       9    0    INVA   0        0      
2    0    INVA   0        0       10   0    INVA   0        0      
3    0    INVA   0        0       11   0    INVA   0        0      
4    0    INVA   0        0       12   0    INVA   0        0      
5    0    INVA   0        0       13   0    INVA   0        0      
6    0    INVA   0        0       14   0    INVA   0        0      
7    0    INVA   0        0       15   0    INVA   0        0      
stall
ALUrs(0): inst  state   rt        ra        rb        pc      pcnext
addr    :       INVA    0 (rob)   0 (rob)   0 (rob)
value   :               0         0         0         0       0       
validity:                         OK        OK

ALUrs(1): inst  state   rt        ra        rb        pc      pcnext
addr    :       INVA    0 (rob)   0 (rob)   0 (rob)
value   :               0         0         0         0       0       
validity:                         OK        OK

ALUrs(2): inst  state   rt        ra        rb        pc      pcnext
addr    :       INVA    0 (rob)   0 (rob)   0 (rob)
value   :               0         0         0         0       0       
validity:                         OK        OK

ALUrs(3): inst  state   rt        ra        rb        pc      pcnext
addr    : LIMM  WAIT    0 (rob)   0 (rob)   0 (rob)
value   :               0         1         0         0       0       
validity:                         OK        OK


cdb: data        tag          pc_next
cdb: 0           0 (rob)      0           NG


reg  0: 0         reg  8: 0         reg 16: 0         reg 24: 0         
reg  1: 0         reg  9: 0         reg 17: 0         reg 25: 0         
reg  2: 0         reg 10: 0         reg 18: 0         reg 26: 0         
reg  3: 0         reg 11: 0         reg 19: 0         reg 27: 0         
reg  4: 0         reg 12: 0         reg 20: 0         reg 28: 0         
reg  5: 0         reg 13: 0         reg 21: 0         reg 29: 0         
reg  6: 0         reg 14: 0         reg 22: 0         reg 30: 0         
reg  7: 0         reg 15: 0         reg 23: 0         reg 31: 0         

------------------3 times clk rising----------------------

rob full

rob     :youngest:  1  
oldest  :  0  

rob  reg  state  pcnext   data    rob  reg  state  pcnext   data
0    1    EXEC   1        0       8    0    INVA   0        0      
1    0    INVA   0        0       9    0    INVA   0        0      
2    0    INVA   0        0       10   0    INVA   0        0      
3    0    INVA   0        0       11   0    INVA   0        0      
4    0    INVA   0        0       12   0    INVA   0        0      
5    0    INVA   0        0       13   0    INVA   0        0      
6    0    INVA   0        0       14   0    INVA   0        0      
7    0    INVA   0        0       15   0    INVA   0        0      
stall
ALUrs(0): inst  state   rt        ra        rb        pc      pcnext
addr    :       INVA    0 (rob)   0 (rob)   0 (rob)
value   :               0         0         0         0       0       
validity:                         OK        OK

ALUrs(1): inst  state   rt        ra        rb        pc      pcnext
addr    :       INVA    0 (rob)   0 (rob)   0 (rob)
value   :               0         0         0         0       0       
validity:                         OK        OK

ALUrs(2): inst  state   rt        ra        rb        pc      pcnext
addr    : LIMM  WAIT    1 (rob)   0 (rob)   0 (rob)
value   :               0         1         0         1       0       
validity:                         OK        OK

ALUrs(3): inst  state   rt        ra        rb        pc      pcnext
addr    : LIMM  DONE    0 (rob)   0 (rob)   0 (rob)
value   :               1         1         0         0       1       
validity:                         OK        OK


cdb: data        tag          pc_next
cdb: 1           0 (rob)      1           OK


reg  0: 0         reg  8: 0         reg 16: 0         reg 24: 0         
reg  1: 0         reg  9: 0         reg 17: 0         reg 25: 0         
reg  2: 0         reg 10: 0         reg 18: 0         reg 26: 0         
reg  3: 0         reg 11: 0         reg 19: 0         reg 27: 0         
reg  4: 0         reg 12: 0         reg 20: 0         reg 28: 0         
reg  5: 0         reg 13: 0         reg 21: 0         reg 29: 0         
reg  6: 0         reg 14: 0         reg 22: 0         reg 30: 0         
reg  7: 0         reg 15: 0         reg 23: 0         reg 31: 0         

------------------4 times clk rising----------------------

rob full

rob     :youngest:  2  
oldest  :  0  

rob  reg  state  pcnext   data    rob  reg  state  pcnext   data
0    1    EXEC   1        0       8    0    INVA   0        0      
1    1    EXEC   2        0       9    0    INVA   0        0      
2    0    INVA   0        0       10   0    INVA   0        0      
3    0    INVA   0        0       11   0    INVA   0        0      
4    0    INVA   0        0       12   0    INVA   0        0      
5    0    INVA   0        0       13   0    INVA   0        0      
6    0    INVA   0        0       14   0    INVA   0        0      
7    0    INVA   0        0       15   0    INVA   0        0      
stall
ALUrs(0): inst  state   rt        ra        rb        pc      pcnext
addr    :       INVA    0 (rob)   0 (rob)   0 (rob)
value   :               0         0         0         0       0       
validity:                         OK        OK

ALUrs(1): inst  state   rt        ra        rb        pc      pcnext
addr    : LIMM  WAIT    2 (rob)   0 (rob)   0 (rob)
value   :               0         1         0         2       0       
validity:                         OK        OK

ALUrs(2): inst  state   rt        ra        rb        pc      pcnext
addr    : LIMM  DONE    1 (rob)   0 (rob)   0 (rob)
value   :               1         1         0         1       2       
validity:                         OK        OK

ALUrs(3): inst  state   rt        ra        rb        pc      pcnext
addr    :       INVA    0 (rob)   0 (rob)   0 (rob)
value   :               0         0         0         0       0       
validity:                         OK        OK


cdb: data        tag          pc_next
cdb: 1           1 (rob)      2           OK


reg  0: 0         reg  8: 0         reg 16: 0         reg 24: 0         
reg  1: 0         reg  9: 0         reg 17: 0         reg 25: 0         
reg  2: 0         reg 10: 0         reg 18: 0         reg 26: 0         
reg  3: 0         reg 11: 0         reg 19: 0         reg 27: 0         
reg  4: 0         reg 12: 0         reg 20: 0         reg 28: 0         
reg  5: 0         reg 13: 0         reg 21: 0         reg 29: 0         
reg  6: 0         reg 14: 0         reg 22: 0         reg 30: 0         
reg  7: 0         reg 15: 0         reg 23: 0         reg 31: 0         

------------------5 times clk rising----------------------

rob full

rob     :youngest:  3  
oldest  :  0  

rob  reg  state  pcnext   data    rob  reg  state  pcnext   data
0    1    DONE   1        1       8    0    INVA   0        0      
1    1    EXEC   2        0       9    0    INVA   0        0      
2    2    EXEC   3        0       10   0    INVA   0        0      
3    0    INVA   0        0       11   0    INVA   0        0      
4    0    INVA   0        0       12   0    INVA   0        0      
5    0    INVA   0        0       13   0    INVA   0        0      
6    0    INVA   0        0       14   0    INVA   0        0      
7    0    INVA   0        0       15   0    INVA   0        0      
stall
ALUrs(0): inst  state   rt        ra        rb        pc      pcnext
addr    :       INVA    0 (rob)   0 (rob)   0 (rob)
value   :               0         0         0         0       0       
validity:                         OK        OK

ALUrs(1): inst  state   rt        ra        rb        pc      pcnext
addr    : LIMM  DONE    2 (rob)   0 (rob)   0 (rob)
value   :               1         1         0         2       3       
validity:                         OK        OK

ALUrs(2): inst  state   rt        ra        rb        pc      pcnext
addr    :       INVA    0 (rob)   0 (rob)   0 (rob)
value   :               0         0         0         0       0       
validity:                         OK        OK

ALUrs(3): inst  state   rt        ra        rb        pc      pcnext
addr    : LIMM  WAIT    3 (rob)   0 (rob)   0 (rob)
value   :               0         1         0         3       0       
validity:                         OK        OK


cdb: data        tag          pc_next
cdb: 1           2 (rob)      3           OK


reg  0: 0         reg  8: 0         reg 16: 0         reg 24: 0         
reg  1: 0         reg  9: 0         reg 17: 0         reg 25: 0         
reg  2: 0         reg 10: 0         reg 18: 0         reg 26: 0         
reg  3: 0         reg 11: 0         reg 19: 0         reg 27: 0         
reg  4: 0         reg 12: 0         reg 20: 0         reg 28: 0         
reg  5: 0         reg 13: 0         reg 21: 0         reg 29: 0         
reg  6: 0         reg 14: 0         reg 22: 0         reg 30: 0         
reg  7: 0         reg 15: 0         reg 23: 0         reg 31: 0         

------------------6 times clk rising----------------------

rob full

rob     :youngest:  4  
oldest  :  1  

rob  reg  state  pcnext   data    rob  reg  state  pcnext   data
0    0    INVA   0        0       8    0    INVA   0        0      
1    1    DONE   2        1       9    0    INVA   0        0      
2    2    EXEC   3        0       10   0    INVA   0        0      
3    3    EXEC   4        0       11   0    INVA   0        0      
4    0    INVA   0        0       12   0    INVA   0        0      
5    0    INVA   0        0       13   0    INVA   0        0      
6    0    INVA   0        0       14   0    INVA   0        0      
7    0    INVA   0        0       15   0    INVA   0        0      
stall
ALUrs(0): inst  state   rt        ra        rb        pc      pcnext
addr    :       INVA    0 (rob)   0 (rob)   0 (rob)
value   :               0         0         0         0       0       
validity:                         OK        OK

ALUrs(1): inst  state   rt        ra        rb        pc      pcnext
addr    :       INVA    0 (rob)   0 (rob)   0 (rob)
value   :               0         0         0         0       0       
validity:                         OK        OK

ALUrs(2): inst  state   rt        ra        rb        pc      pcnext
addr    : LIMM  WAIT    4 (rob)   0 (rob)   0 (rob)
value   :               0         1         0         4       0       
validity:                         OK        OK

ALUrs(3): inst  state   rt        ra        rb        pc      pcnext
addr    : LIMM  DONE    3 (rob)   0 (rob)   0 (rob)
value   :               1         1         0         3       4       
validity:                         OK        OK


cdb: data        tag          pc_next
cdb: 1           3 (rob)      4           OK


reg  0: 0         reg  8: 0         reg 16: 0         reg 24: 0         
reg  1: 1         reg  9: 0         reg 17: 0         reg 25: 0         
reg  2: 0         reg 10: 0         reg 18: 0         reg 26: 0         
reg  3: 0         reg 11: 0         reg 19: 0         reg 27: 0         
reg  4: 0         reg 12: 0         reg 20: 0         reg 28: 0         
reg  5: 0         reg 13: 0         reg 21: 0         reg 29: 0         
reg  6: 0         reg 14: 0         reg 22: 0         reg 30: 0         
reg  7: 0         reg 15: 0         reg 23: 0         reg 31: 0         

------------------7 times clk rising----------------------

rob full

rob     :youngest:  5  
oldest  :  2  

rob  reg  state  pcnext   data    rob  reg  state  pcnext   data
0    0    INVA   0        0       8    0    INVA   0        0      
1    0    INVA   0        0       9    0    INVA   0        0      
2    2    DONE   3        1       10   0    INVA   0        0      
3    3    EXEC   4        0       11   0    INVA   0        0      
4    4    EXEC   5        0       12   0    INVA   0        0      
5    0    INVA   0        0       13   0    INVA   0        0      
6    0    INVA   0        0       14   0    INVA   0        0      
7    0    INVA   0        0       15   0    INVA   0        0      
stall
ALUrs(0): inst  state   rt        ra        rb        pc      pcnext
addr    :       INVA    0 (rob)   0 (rob)   0 (rob)
value   :               0         0         0         0       0       
validity:                         OK        OK

ALUrs(1): inst  state   rt        ra        rb        pc      pcnext
addr    : ADD   WAIT    5 (rob)   0 (rob)   0 (rob)
value   :               0         1         1         5       0       
validity:                         OK        OK

ALUrs(2): inst  state   rt        ra        rb        pc      pcnext
addr    : LIMM  DONE    4 (rob)   0 (rob)   0 (rob)
value   :               1         1         0         4       5       
validity:                         OK        OK

ALUrs(3): inst  state   rt        ra        rb        pc      pcnext
addr    :       INVA    0 (rob)   0 (rob)   0 (rob)
value   :               0         0         0         0       0       
validity:                         OK        OK


cdb: data        tag          pc_next
cdb: 1           4 (rob)      5           OK


reg  0: 0         reg  8: 0         reg 16: 0         reg 24: 0         
reg  1: 1         reg  9: 0         reg 17: 0         reg 25: 0         
reg  2: 0         reg 10: 0         reg 18: 0         reg 26: 0         
reg  3: 0         reg 11: 0         reg 19: 0         reg 27: 0         
reg  4: 0         reg 12: 0         reg 20: 0         reg 28: 0         
reg  5: 0         reg 13: 0         reg 21: 0         reg 29: 0         
reg  6: 0         reg 14: 0         reg 22: 0         reg 30: 0         
reg  7: 0         reg 15: 0         reg 23: 0         reg 31: 0         

------------------8 times clk rising----------------------

rob full

rob     :youngest:  6  
oldest  :  3  

rob  reg  state  pcnext   data    rob  reg  state  pcnext   data
0    0    INVA   0        0       8    0    INVA   0        0      
1    0    INVA   0        0       9    0    INVA   0        0      
2    0    INVA   0        0       10   0    INVA   0        0      
3    3    DONE   4        1       11   0    INVA   0        0      
4    4    EXEC   5        0       12   0    INVA   0        0      
5    2    EXEC   6        0       13   0    INVA   0        0      
6    0    INVA   0        0       14   0    INVA   0        0      
7    0    INVA   0        0       15   0    INVA   0        0      
stall
ALUrs(0): inst  state   rt        ra        rb        pc      pcnext
addr    :       INVA    0 (rob)   0 (rob)   0 (rob)
value   :               0         0         0         0       0       
validity:                         OK        OK

ALUrs(1): inst  state   rt        ra        rb        pc      pcnext
addr    : ADD   DONE    5 (rob)   0 (rob)   0 (rob)
value   :               2         1         1         5       6       
validity:                         OK        OK

ALUrs(2): inst  state   rt        ra        rb        pc      pcnext
addr    :       INVA    0 (rob)   0 (rob)   0 (rob)
value   :               0         0         0         0       0       
validity:                         OK        OK

ALUrs(3): inst  state   rt        ra        rb        pc      pcnext
addr    : ADD   WAIT    6 (rob)   0 (rob)   5 (rob)
value   :               0         1         1         6       0       
validity:                         OK        NG


cdb: data        tag          pc_next
cdb: 2           5 (rob)      6           OK


reg  0: 0         reg  8: 0         reg 16: 0         reg 24: 0         
reg  1: 1         reg  9: 0         reg 17: 0         reg 25: 0         
reg  2: 1         reg 10: 0         reg 18: 0         reg 26: 0         
reg  3: 0         reg 11: 0         reg 19: 0         reg 27: 0         
reg  4: 0         reg 12: 0         reg 20: 0         reg 28: 0         
reg  5: 0         reg 13: 0         reg 21: 0         reg 29: 0         
reg  6: 0         reg 14: 0         reg 22: 0         reg 30: 0         
reg  7: 0         reg 15: 0         reg 23: 0         reg 31: 0         

------------------9 times clk rising----------------------

rob full

rob     :youngest:  7  
oldest  :  4  

rob  reg  state  pcnext   data    rob  reg  state  pcnext   data
0    0    INVA   0        0       8    0    INVA   0        0      
1    0    INVA   0        0       9    0    INVA   0        0      
2    0    INVA   0        0       10   0    INVA   0        0      
3    0    INVA   0        0       11   0    INVA   0        0      
4    4    DONE   5        1       12   0    INVA   0        0      
5    2    EXEC   6        0       13   0    INVA   0        0      
6    3    EXEC   7        0       14   0    INVA   0        0      
7    0    INVA   0        0       15   0    INVA   0        0      
stall
ALUrs(0): inst  state   rt        ra        rb        pc      pcnext
addr    :       INVA    0 (rob)   0 (rob)   0 (rob)
value   :               0         0         0         0       0       
validity:                         OK        OK

ALUrs(1): inst  state   rt        ra        rb        pc      pcnext
addr    :       INVA    0 (rob)   0 (rob)   0 (rob)
value   :               0         0         0         0       0       
validity:                         OK        OK

ALUrs(2): inst  state   rt        ra        rb        pc      pcnext
addr    : ADD   WAIT    7 (rob)   0 (rob)   6 (rob)
value   :               0         1         1         7       0       
validity:                         OK        NG

ALUrs(3): inst  state   rt        ra        rb        pc      pcnext
addr    : ADD   WAIT    6 (rob)   0 (rob)   5 (rob)
value   :               0         1         1         6       0       
validity:                         OK        NG


cdb: data        tag          pc_next
cdb: 0           0 (rob)      0           NG


reg  0: 0         reg  8: 0         reg 16: 0         reg 24: 0         
reg  1: 1         reg  9: 0         reg 17: 0         reg 25: 0         
reg  2: 1         reg 10: 0         reg 18: 0         reg 26: 0         
reg  3: 1         reg 11: 0         reg 19: 0         reg 27: 0         
reg  4: 0         reg 12: 0         reg 20: 0         reg 28: 0         
reg  5: 0         reg 13: 0         reg 21: 0         reg 29: 0         
reg  6: 0         reg 14: 0         reg 22: 0         reg 30: 0         
reg  7: 0         reg 15: 0         reg 23: 0         reg 31: 0         

------------------10 times clk rising----------------------

rob full

rob     :youngest:  8  
oldest  :  5  

rob  reg  state  pcnext   data    rob  reg  state  pcnext   data
0    0    INVA   0        0       8    0    INVA   0        0      
1    0    INVA   0        0       9    0    INVA   0        0      
2    0    INVA   0        0       10   0    INVA   0        0      
3    0    INVA   0        0       11   0    INVA   0        0      
4    0    INVA   0        0       12   0    INVA   0        0      
5    2    DONE   6        2       13   0    INVA   0        0      
6    3    EXEC   7        0       14   0    INVA   0        0      
7    4    EXEC   8        0       15   0    INVA   0        0      
stall
ALUrs(0): inst  state   rt        ra        rb        pc      pcnext
addr    :       INVA    0 (rob)   0 (rob)   0 (rob)
value   :               0         0         0         0       0       
validity:                         OK        OK

ALUrs(1): inst  state   rt        ra        rb        pc      pcnext
addr    : LIMM  WAIT    8 (rob)   0 (rob)   0 (rob)
value   :               0         0         0         8       0       
validity:                         OK        OK

ALUrs(2): inst  state   rt        ra        rb        pc      pcnext
addr    : ADD   WAIT    7 (rob)   0 (rob)   6 (rob)
value   :               0         1         1         7       0       
validity:                         OK        NG

ALUrs(3): inst  state   rt        ra        rb        pc      pcnext
addr    : ADD   DONE    6 (rob)   0 (rob)   0 (rob)
value   :               3         1         2         6       7       
validity:                         OK        OK


cdb: data        tag          pc_next
cdb: 3           6 (rob)      7           OK


reg  0: 0         reg  8: 0         reg 16: 0         reg 24: 0         
reg  1: 1         reg  9: 0         reg 17: 0         reg 25: 0         
reg  2: 1         reg 10: 0         reg 18: 0         reg 26: 0         
reg  3: 1         reg 11: 0         reg 19: 0         reg 27: 0         
reg  4: 1         reg 12: 0         reg 20: 0         reg 28: 0         
reg  5: 0         reg 13: 0         reg 21: 0         reg 29: 0         
reg  6: 0         reg 14: 0         reg 22: 0         reg 30: 0         
reg  7: 0         reg 15: 0         reg 23: 0         reg 31: 0         

------------------11 times clk rising----------------------

rob full

rob     :youngest:  9  
oldest  :  6  

rob  reg  state  pcnext   data    rob  reg  state  pcnext   data
0    0    INVA   0        0       8    5    EXEC   9        0      
1    0    INVA   0        0       9    0    INVA   0        0      
2    0    INVA   0        0       10   0    INVA   0        0      
3    0    INVA   0        0       11   0    INVA   0        0      
4    0    INVA   0        0       12   0    INVA   0        0      
5    0    INVA   0        0       13   0    INVA   0        0      
6    3    EXEC   7        0       14   0    INVA   0        0      
7    4    EXEC   8        0       15   0    INVA   0        0      
stall
ALUrs(0): inst  state   rt        ra        rb        pc      pcnext
addr    : ADD   WAIT    9 (rob)   0 (rob)   0 (rob)
value   :               0         2         1         9       0       
validity:                         OK        OK

ALUrs(1): inst  state   rt        ra        rb        pc      pcnext
addr    : LIMM  DONE    8 (rob)   0 (rob)   0 (rob)
value   :               0         0         0         8       9       
validity:                         OK        OK

ALUrs(2): inst  state   rt        ra        rb        pc      pcnext
addr    : ADD   WAIT    7 (rob)   0 (rob)   6 (rob)
value   :               0         1         1         7       0       
validity:                         OK        NG

ALUrs(3): inst  state   rt        ra        rb        pc      pcnext
addr    :       INVA    0 (rob)   0 (rob)   0 (rob)
value   :               0         0         0         0       0       
validity:                         OK        OK


cdb: data        tag          pc_next
cdb: 0           8 (rob)      9           OK


reg  0: 0         reg  8: 0         reg 16: 0         reg 24: 0         
reg  1: 1         reg  9: 0         reg 17: 0         reg 25: 0         
reg  2: 2         reg 10: 0         reg 18: 0         reg 26: 0         
reg  3: 1         reg 11: 0         reg 19: 0         reg 27: 0         
reg  4: 1         reg 12: 0         reg 20: 0         reg 28: 0         
reg  5: 0         reg 13: 0         reg 21: 0         reg 29: 0         
reg  6: 0         reg 14: 0         reg 22: 0         reg 30: 0         
reg  7: 0         reg 15: 0         reg 23: 0         reg 31: 0         

------------------12 times clk rising----------------------

rob full

rob     :youngest:  10 
oldest  :  6  

rob  reg  state  pcnext   data    rob  reg  state  pcnext   data
0    0    INVA   0        0       8    5    EXEC   9        0      
1    0    INVA   0        0       9    5    EXEC   10       0      
2    0    INVA   0        0       10   0    INVA   0        0      
3    0    INVA   0        0       11   0    INVA   0        0      
4    0    INVA   0        0       12   0    INVA   0        0      
5    0    INVA   0        0       13   0    INVA   0        0      
6    3    DONE   7        3       14   0    INVA   0        0      
7    4    EXEC   8        0       15   0    INVA   0        0      
stall
ALUrs(0): inst  state   rt        ra        rb        pc      pcnext
addr    : ADD   DONE    9 (rob)   0 (rob)   0 (rob)
value   :               3         2         1         9       10      
validity:                         OK        OK

ALUrs(1): inst  state   rt        ra        rb        pc      pcnext
addr    :       INVA    0 (rob)   0 (rob)   0 (rob)
value   :               0         0         0         0       0       
validity:                         OK        OK

ALUrs(2): inst  state   rt        ra        rb        pc      pcnext
addr    : ADD   WAIT    7 (rob)   0 (rob)   0 (rob)
value   :               0         1         3         7       0       
validity:                         OK        OK

ALUrs(3): inst  state   rt        ra        rb        pc      pcnext
addr    : ADD   WAIT    10(rob)   9 (rob)   0 (rob)
value   :               0         0         3         10      0       
validity:                         NG        OK


cdb: data        tag          pc_next
cdb: 3           9 (rob)      10          OK


reg  0: 0         reg  8: 0         reg 16: 0         reg 24: 0         
reg  1: 1         reg  9: 0         reg 17: 0         reg 25: 0         
reg  2: 2         reg 10: 0         reg 18: 0         reg 26: 0         
reg  3: 1         reg 11: 0         reg 19: 0         reg 27: 0         
reg  4: 1         reg 12: 0         reg 20: 0         reg 28: 0         
reg  5: 0         reg 13: 0         reg 21: 0         reg 29: 0         
reg  6: 0         reg 14: 0         reg 22: 0         reg 30: 0         
reg  7: 0         reg 15: 0         reg 23: 0         reg 31: 0         

------------------13 times clk rising----------------------

rob full

rob     :youngest:  11 
oldest  :  7  

rob  reg  state  pcnext   data    rob  reg  state  pcnext   data
0    0    INVA   0        0       8    5    DONE   9        0      
1    0    INVA   0        0       9    5    EXEC   10       0      
2    0    INVA   0        0       10   5    EXEC   11       0      
3    0    INVA   0        0       11   0    INVA   0        0      
4    0    INVA   0        0       12   0    INVA   0        0      
5    0    INVA   0        0       13   0    INVA   0        0      
6    0    INVA   0        0       14   0    INVA   0        0      
7    4    EXEC   8        0       15   0    INVA   0        0      
stall
ALUrs(0): inst  state   rt        ra        rb        pc      pcnext
addr    :       INVA    0 (rob)   0 (rob)   0 (rob)
value   :               0         0         0         0       0       
validity:                         OK        OK

ALUrs(1): inst  state   rt        ra        rb        pc      pcnext
addr    : ADD   WAIT    11(rob)   10(rob)   7 (rob)
value   :               0         0         1         11      0       
validity:                         NG        NG

ALUrs(2): inst  state   rt        ra        rb        pc      pcnext
addr    : ADD   DONE    7 (rob)   0 (rob)   0 (rob)
value   :               4         1         3         7       8       
validity:                         OK        OK

ALUrs(3): inst  state   rt        ra        rb        pc      pcnext
addr    : ADD   WAIT    10(rob)   9 (rob)   0 (rob)
value   :               0         0         3         10      0       
validity:                         NG        OK


cdb: data        tag          pc_next
cdb: 4           7 (rob)      8           OK


reg  0: 0         reg  8: 0         reg 16: 0         reg 24: 0         
reg  1: 1         reg  9: 0         reg 17: 0         reg 25: 0         
reg  2: 2         reg 10: 0         reg 18: 0         reg 26: 0         
reg  3: 3         reg 11: 0         reg 19: 0         reg 27: 0         
reg  4: 1         reg 12: 0         reg 20: 0         reg 28: 0         
reg  5: 0         reg 13: 0         reg 21: 0         reg 29: 0         
reg  6: 0         reg 14: 0         reg 22: 0         reg 30: 0         
reg  7: 0         reg 15: 0         reg 23: 0         reg 31: 0         

------------------14 times clk rising----------------------

rob full

rob     :youngest:  12 
oldest  :  7  

rob  reg  state  pcnext   data    rob  reg  state  pcnext   data
0    0    INVA   0        0       8    5    DONE   9        0      
1    0    INVA   0        0       9    5    DONE   10       3      
2    0    INVA   0        0       10   5    EXEC   11       0      
3    0    INVA   0        0       11   5    EXEC   12       0      
4    0    INVA   0        0       12   0    INVA   0        0      
5    0    INVA   0        0       13   0    INVA   0        0      
6    0    INVA   0        0       14   0    INVA   0        0      
7    4    EXEC   8        0       15   0    INVA   0        0      
stall
ALUrs(0): inst  state   rt        ra        rb        pc      pcnext
addr    :       INVA    0 (rob)   0 (rob)   0 (rob)
value   :               0         0         0         0       0       
validity:                         OK        OK

ALUrs(1): inst  state   rt        ra        rb        pc      pcnext
addr    : ADD   WAIT    11(rob)   10(rob)   7 (rob)
value   :               0         0         1         11      0       
validity:                         NG        NG

ALUrs(2): inst  state   rt        ra        rb        pc      pcnext
addr    :       INVA    0 (rob)   0 (rob)   0 (rob)
value   :               0         0         0         0       0       
validity:                         OK        OK

ALUrs(3): inst  state   rt        ra        rb        pc      pcnext
addr    : ADD   DONE    10(rob)   0 (rob)   0 (rob)
value   :               6         3         3         10      11      
validity:                         OK        OK


cdb: data        tag          pc_next
cdb: 6           10(rob)      11          OK


reg  0: 0         reg  8: 0         reg 16: 0         reg 24: 0         
reg  1: 1         reg  9: 0         reg 17: 0         reg 25: 0         
reg  2: 2         reg 10: 0         reg 18: 0         reg 26: 0         
reg  3: 3         reg 11: 0         reg 19: 0         reg 27: 0         
reg  4: 1         reg 12: 0         reg 20: 0         reg 28: 0         
reg  5: 0         reg 13: 0         reg 21: 0         reg 29: 0         
reg  6: 0         reg 14: 0         reg 22: 0         reg 30: 0         
reg  7: 0         reg 15: 0         reg 23: 0         reg 31: 0         

------------------15 times clk rising----------------------

rob full

rob     :youngest:  12 
oldest  :  7  

rob  reg  state  pcnext   data    rob  reg  state  pcnext   data
0    0    INVA   0        0       8    5    DONE   9        0      
1    0    INVA   0        0       9    5    DONE   10       3      
2    0    INVA   0        0       10   5    EXEC   11       0      
3    0    INVA   0        0       11   5    EXEC   12       0      
4    0    INVA   0        0       12   0    INVA   0        0      
5    0    INVA   0        0       13   0    INVA   0        0      
6    0    INVA   0        0       14   0    INVA   0        0      
7    4    DONE   8        4       15   0    INVA   0        0      
stall
ALUrs(0): inst  state   rt        ra        rb        pc      pcnext
addr    :       INVA    0 (rob)   0 (rob)   0 (rob)
value   :               0         0         0         0       0       
validity:                         OK        OK

ALUrs(1): inst  state   rt        ra        rb        pc      pcnext
addr    : ADD   WAIT    11(rob)   10(rob)   0 (rob)
value   :               0         0         4         11      0       
validity:                         NG        OK

ALUrs(2): inst  state   rt        ra        rb        pc      pcnext
addr    :       INVA    0 (rob)   0 (rob)   0 (rob)
value   :               0         0         0         0       0       
validity:                         OK        OK

ALUrs(3): inst  state   rt        ra        rb        pc      pcnext
addr    :       INVA    0 (rob)   0 (rob)   0 (rob)
value   :               0         0         0         0       0       
validity:                         OK        OK


cdb: data        tag          pc_next
cdb: 0           0 (rob)      0           NG


reg  0: 0         reg  8: 0         reg 16: 0         reg 24: 0         
reg  1: 1         reg  9: 0         reg 17: 0         reg 25: 0         
reg  2: 2         reg 10: 0         reg 18: 0         reg 26: 0         
reg  3: 3         reg 11: 0         reg 19: 0         reg 27: 0         
reg  4: 1         reg 12: 0         reg 20: 0         reg 28: 0         
reg  5: 0         reg 13: 0         reg 21: 0         reg 29: 0         
reg  6: 0         reg 14: 0         reg 22: 0         reg 30: 0         
reg  7: 0         reg 15: 0         reg 23: 0         reg 31: 0         

------------------16 times clk rising----------------------

rob full

rob     :youngest:  12 
oldest  :  8  

rob  reg  state  pcnext   data    rob  reg  state  pcnext   data
0    0    INVA   0        0       8    5    DONE   9        0      
1    0    INVA   0        0       9    5    DONE   10       3      
2    0    INVA   0        0       10   5    DONE   11       6      
3    0    INVA   0        0       11   5    EXEC   12       0      
4    0    INVA   0        0       12   0    INVA   0        0      
5    0    INVA   0        0       13   0    INVA   0        0      
6    0    INVA   0        0       14   0    INVA   0        0      
7    0    INVA   0        0       15   0    INVA   0        0      
stall
ALUrs(0): inst  state   rt        ra        rb        pc      pcnext
addr    :       INVA    0 (rob)   0 (rob)   0 (rob)
value   :               0         0         0         0       0       
validity:                         OK        OK

ALUrs(1): inst  state   rt        ra        rb        pc      pcnext
addr    : ADD   DONE    11(rob)   0 (rob)   0 (rob)
value   :               10        6         4         11      12      
validity:                         OK        OK

ALUrs(2): inst  state   rt        ra        rb        pc      pcnext
addr    :       INVA    0 (rob)   0 (rob)   0 (rob)
value   :               0         0         0         0       0       
validity:                         OK        OK

ALUrs(3): inst  state   rt        ra        rb        pc      pcnext
addr    :       INVA    0 (rob)   0 (rob)   0 (rob)
value   :               0         0         0         0       0       
validity:                         OK        OK


cdb: data        tag          pc_next
cdb: 10          11(rob)      12          OK


reg  0: 0         reg  8: 0         reg 16: 0         reg 24: 0         
reg  1: 1         reg  9: 0         reg 17: 0         reg 25: 0         
reg  2: 2         reg 10: 0         reg 18: 0         reg 26: 0         
reg  3: 3         reg 11: 0         reg 19: 0         reg 27: 0         
reg  4: 4         reg 12: 0         reg 20: 0         reg 28: 0         
reg  5: 0         reg 13: 0         reg 21: 0         reg 29: 0         
reg  6: 0         reg 14: 0         reg 22: 0         reg 30: 0         
reg  7: 0         reg 15: 0         reg 23: 0         reg 31: 0         

------------------17 times clk rising----------------------

rob full

rob     :youngest:  12 
oldest  :  9  

rob  reg  state  pcnext   data    rob  reg  state  pcnext   data
0    0    INVA   0        0       8    0    INVA   0        0      
1    0    INVA   0        0       9    5    DONE   10       3      
2    0    INVA   0        0       10   5    DONE   11       6      
3    0    INVA   0        0       11   5    EXEC   12       0      
4    0    INVA   0        0       12   0    INVA   0        0      
5    0    INVA   0        0       13   0    INVA   0        0      
6    0    INVA   0        0       14   0    INVA   0        0      
7    0    INVA   0        0       15   0    INVA   0        0      
stall
ALUrs(0): inst  state   rt        ra        rb        pc      pcnext
addr    :       INVA    0 (rob)   0 (rob)   0 (rob)
value   :               0         0         0         0       0       
validity:                         OK        OK

ALUrs(1): inst  state   rt        ra        rb        pc      pcnext
addr    :       INVA    0 (rob)   0 (rob)   0 (rob)
value   :               0         0         0         0       0       
validity:                         OK        OK

ALUrs(2): inst  state   rt        ra        rb        pc      pcnext
addr    :       INVA    0 (rob)   0 (rob)   0 (rob)
value   :               0         0         0         0       0       
validity:                         OK        OK

ALUrs(3): inst  state   rt        ra        rb        pc      pcnext
addr    :       INVA    0 (rob)   0 (rob)   0 (rob)
value   :               0         0         0         0       0       
validity:                         OK        OK


cdb: data        tag          pc_next
cdb: 0           0 (rob)      0           NG


reg  0: 0         reg  8: 0         reg 16: 0         reg 24: 0         
reg  1: 1         reg  9: 0         reg 17: 0         reg 25: 0         
reg  2: 2         reg 10: 0         reg 18: 0         reg 26: 0         
reg  3: 3         reg 11: 0         reg 19: 0         reg 27: 0         
reg  4: 4         reg 12: 0         reg 20: 0         reg 28: 0         
reg  5: 0         reg 13: 0         reg 21: 0         reg 29: 0         
reg  6: 0         reg 14: 0         reg 22: 0         reg 30: 0         
reg  7: 0         reg 15: 0         reg 23: 0         reg 31: 0         

------------------18 times clk rising----------------------

rob full

rob     :youngest:  12 
oldest  :  10 

rob  reg  state  pcnext   data    rob  reg  state  pcnext   data
0    0    INVA   0        0       8    0    INVA   0        0      
1    0    INVA   0        0       9    0    INVA   0        0      
2    0    INVA   0        0       10   5    DONE   11       6      
3    0    INVA   0        0       11   5    DONE   12       10     
4    0    INVA   0        0       12   0    INVA   0        0      
5    0    INVA   0        0       13   0    INVA   0        0      
6    0    INVA   0        0       14   0    INVA   0        0      
7    0    INVA   0        0       15   0    INVA   0        0      
stall
ALUrs(0): inst  state   rt        ra        rb        pc      pcnext
addr    :       INVA    0 (rob)   0 (rob)   0 (rob)
value   :               0         0         0         0       0       
validity:                         OK        OK

ALUrs(1): inst  state   rt        ra        rb        pc      pcnext
addr    :       INVA    0 (rob)   0 (rob)   0 (rob)
value   :               0         0         0         0       0       
validity:                         OK        OK

ALUrs(2): inst  state   rt        ra        rb        pc      pcnext
addr    :       INVA    0 (rob)   0 (rob)   0 (rob)
value   :               0         0         0         0       0       
validity:                         OK        OK

ALUrs(3): inst  state   rt        ra        rb        pc      pcnext
addr    :       INVA    0 (rob)   0 (rob)   0 (rob)
value   :               0         0         0         0       0       
validity:                         OK        OK


cdb: data        tag          pc_next
cdb: 0           0 (rob)      0           NG


reg  0: 0         reg  8: 0         reg 16: 0         reg 24: 0         
reg  1: 1         reg  9: 0         reg 17: 0         reg 25: 0         
reg  2: 2         reg 10: 0         reg 18: 0         reg 26: 0         
reg  3: 3         reg 11: 0         reg 19: 0         reg 27: 0         
reg  4: 4         reg 12: 0         reg 20: 0         reg 28: 0         
reg  5: 3         reg 13: 0         reg 21: 0         reg 29: 0         
reg  6: 0         reg 14: 0         reg 22: 0         reg 30: 0         
reg  7: 0         reg 15: 0         reg 23: 0         reg 31: 0         

------------------19 times clk rising----------------------

rob full

rob     :youngest:  12 
oldest  :  11 

rob  reg  state  pcnext   data    rob  reg  state  pcnext   data
0    0    INVA   0        0       8    0    INVA   0        0      
1    0    INVA   0        0       9    0    INVA   0        0      
2    0    INVA   0        0       10   0    INVA   0        0      
3    0    INVA   0        0       11   5    DONE   12       10     
4    0    INVA   0        0       12   0    INVA   0        0      
5    0    INVA   0        0       13   0    INVA   0        0      
6    0    INVA   0        0       14   0    INVA   0        0      
7    0    INVA   0        0       15   0    INVA   0        0      
stall
ALUrs(0): inst  state   rt        ra        rb        pc      pcnext
addr    :       INVA    0 (rob)   0 (rob)   0 (rob)
value   :               0         0         0         0       0       
validity:                         OK        OK

ALUrs(1): inst  state   rt        ra        rb        pc      pcnext
addr    :       INVA    0 (rob)   0 (rob)   0 (rob)
value   :               0         0         0         0       0       
validity:                         OK        OK

ALUrs(2): inst  state   rt        ra        rb        pc      pcnext
addr    :       INVA    0 (rob)   0 (rob)   0 (rob)
value   :               0         0         0         0       0       
validity:                         OK        OK

ALUrs(3): inst  state   rt        ra        rb        pc      pcnext
addr    :       INVA    0 (rob)   0 (rob)   0 (rob)
value   :               0         0         0         0       0       
validity:                         OK        OK


cdb: data        tag          pc_next
cdb: 0           0 (rob)      0           NG


reg  0: 0         reg  8: 0         reg 16: 0         reg 24: 0         
reg  1: 1         reg  9: 0         reg 17: 0         reg 25: 0         
reg  2: 2         reg 10: 0         reg 18: 0         reg 26: 0         
reg  3: 3         reg 11: 0         reg 19: 0         reg 27: 0         
reg  4: 4         reg 12: 0         reg 20: 0         reg 28: 0         
reg  5: 6         reg 13: 0         reg 21: 0         reg 29: 0         
reg  6: 0         reg 14: 0         reg 22: 0         reg 30: 0         
reg  7: 0         reg 15: 0         reg 23: 0         reg 31: 0         

------------------20 times clk rising----------------------

rob full

rob     :youngest:  12 
oldest  :  12 

rob  reg  state  pcnext   data    rob  reg  state  pcnext   data
0    0    INVA   0        0       8    0    INVA   0        0      
1    0    INVA   0        0       9    0    INVA   0        0      
2    0    INVA   0        0       10   0    INVA   0        0      
3    0    INVA   0        0       11   0    INVA   0        0      
4    0    INVA   0        0       12   0    INVA   0        0      
5    0    INVA   0        0       13   0    INVA   0        0      
6    0    INVA   0        0       14   0    INVA   0        0      
7    0    INVA   0        0       15   0    INVA   0        0      
stall
ALUrs(0): inst  state   rt        ra        rb        pc      pcnext
addr    :       INVA    0 (rob)   0 (rob)   0 (rob)
value   :               0         0         0         0       0       
validity:                         OK        OK

ALUrs(1): inst  state   rt        ra        rb        pc      pcnext
addr    :       INVA    0 (rob)   0 (rob)   0 (rob)
value   :               0         0         0         0       0       
validity:                         OK        OK

ALUrs(2): inst  state   rt        ra        rb        pc      pcnext
addr    :       INVA    0 (rob)   0 (rob)   0 (rob)
value   :               0         0         0         0       0       
validity:                         OK        OK

ALUrs(3): inst  state   rt        ra        rb        pc      pcnext
addr    :       INVA    0 (rob)   0 (rob)   0 (rob)
value   :               0         0         0         0       0       
validity:                         OK        OK


cdb: data        tag          pc_next
cdb: 0           0 (rob)      0           NG


reg  0: 0         reg  8: 0         reg 16: 0         reg 24: 0         
reg  1: 1         reg  9: 0         reg 17: 0         reg 25: 0         
reg  2: 2         reg 10: 0         reg 18: 0         reg 26: 0         
reg  3: 3         reg 11: 0         reg 19: 0         reg 27: 0         
reg  4: 4         reg 12: 0         reg 20: 0         reg 28: 0         
reg  5: 10        reg 13: 0         reg 21: 0         reg 29: 0         
reg  6: 0         reg 14: 0         reg 22: 0         reg 30: 0         
reg  7: 0         reg 15: 0         reg 23: 0         reg 31: 0         

------------------21 times clk rising----------------------

cpu halt...
